<?xml version="1.0" encoding="UTF-8"?>
<!-- Generated by org.testng.reporters.JUnitReportReporter -->
<testsuite hostname="IN-J5PM1J3" failures="0" tests="1" name="Test_Cases.TC02_GetBookingIDs" time="4.127" errors="0" timestamp="25 Jul 2023 04:38:27 GMT" skipped="0">
  <testcase classname="Test_Cases.TC02_GetBookingIDs" name="getBookingIds" time="4.127"/>
</testsuite> <!-- Test_Cases.TC02_GetBookingIDs -->
