<?xml version="1.0" encoding="UTF-8"?>
<!-- Generated by org.testng.reporters.JUnitReportReporter -->
<testsuite hostname="IN-J5PM1J3" failures="0" tests="1" name="Test_Cases.TC07_DeleteBooking" time="1.668" errors="0" timestamp="24 Jul 2023 11:41:31 GMT" skipped="0">
  <testcase classname="Test_Cases.TC07_DeleteBooking" name="deletebooking" time="1.668"/>
</testsuite> <!-- Test_Cases.TC07_DeleteBooking -->
