<?xml version="1.0" encoding="UTF-8"?>
<!-- Generated by org.testng.reporters.JUnitReportReporter -->
<testsuite hostname="IN-J5PM1J3" failures="0" tests="1" name="Test_Cases.TC01_CreateToken" time="4.518" errors="0" timestamp="25 Jul 2023 04:39:37 GMT" skipped="0">
  <testcase classname="Test_Cases.TC01_CreateToken" name="create_Token" time="4.518"/>
</testsuite> <!-- Test_Cases.TC01_CreateToken -->
