<?xml version="1.0" encoding="UTF-8"?>
<!-- Generated by org.testng.reporters.JUnitReportReporter -->
<testsuite hostname="IN-J5PM1J3" failures="0" tests="1" name="Test_Cases.TC06_PartialUpdate" time="1.788" errors="0" timestamp="24 Jul 2023 11:41:31 GMT" skipped="0">
  <testcase classname="Test_Cases.TC06_PartialUpdate" name="partial_Update_request" time="1.788"/>
</testsuite> <!-- Test_Cases.TC06_PartialUpdate -->
