<?xml version="1.0" encoding="UTF-8"?>
<!-- Generated by org.testng.reporters.JUnitReportReporter -->
<testsuite hostname="IN-J5PM1J3" failures="0" tests="1" name="get_request.get1" time="4.929" errors="0" timestamp="22 Mar 2023 10:32:39 GMT" skipped="0">
  <testcase classname="get_request.get1" name="getBookingId" time="4.929"/>
</testsuite> <!-- get_request.get1 -->
